<?xml version="1.0" encoding="UTF-8"?><testsuite errors="0" failures="1" name="Carrito de compras" skipped="0" tests="2" time="71.46" timestamp="2022-11-26 01:37:48"><testcase name="agregar productos al carrito"/><testcase name="Visualizar carrito"><failure message="&#10;Expected: an element that is visible&#10;     but: no matching element found by id: add-to-cart-sauce-labs-backpack" type="java.lang.AssertionError">
Expected: an element that is visible
     but: no matching element found by id: add-to-cart-sauce-labs-backpack</failure><system-err>
Expected: an element that is visible
     but: no matching element found by id: add-to-cart-sauce-labs-backpack&#13;
Task.dashboardOrderTask.performAs(addBuyTask.java:19)&#13;
Stepdefinition.ordersStep.el_usuario_selecciona_los_productos(addBuyStep.java:27)&#13;
io.cucumber.java.Invoker.doInvoke(Invoker.java:66)&#13;
io.cucumber.java.Invoker.invoke(Invoker.java:24)&#13;
io.cucumber.java.AbstractGlueDefinition.invokeMethod(AbstractGlueDefinition.java:47)&#13;
io.cucumber.java.JavaStepDefinition.execute(JavaStepDefinition.java:29)&#13;
io.cucumber.core.runner.CoreStepDefinition.execute(CoreStepDefinition.java:66)&#13;
io.cucumber.core.runner.PickleStepDefinitionMatch.runStep(PickleStepDefinitionMatch.java:63)&#13;
io.cucumber.core.runner.TestStep.executeStep(TestStep.java:92)&#13;
io.cucumber.core.runner.TestStep.run(TestStep.java:64)&#13;
io.cucumber.core.runner.PickleStepTestStep.run(PickleStepTestStep.java:51)&#13;
io.cucumber.core.runner.TestCase.run(TestCase.java:104)&#13;
io.cucumber.core.runner.Runner.runPickle(Runner.java:73)&#13;
io.cucumber.junit.FeatureRunner.runChild(FeatureRunner.java:135)&#13;
io.cucumber.junit.FeatureRunner.runChild(FeatureRunner.java:27)&#13;
io.cucumber.junit.CucumberSerenityRunner.runChild(CucumberSerenityRunner.java:234)&#13;
io.cucumber.junit.CucumberSerenityRunner.runChild(CucumberSerenityRunner.java:57)&#13;
</system-err></testcase></testsuite>